\BOOKMARK [0][-]{chapter.1}{Einleitung}{}% 1
\BOOKMARK [1][-]{section.1.1}{Motivation}{chapter.1}% 2
\BOOKMARK [1][-]{section.1.2}{Zielsetzung}{chapter.1}% 3
\BOOKMARK [0][-]{chapter.2}{Plannung}{}% 4
\BOOKMARK [1][-]{section.2.1}{Ausblick}{chapter.2}% 5
\BOOKMARK [1][-]{section.2.2}{Programmierung}{chapter.2}% 6
\BOOKMARK [2][-]{subsection.2.2.1}{Einleitung}{section.2.2}% 7
\BOOKMARK [2][-]{subsection.2.2.2}{Python}{section.2.2}% 8
\BOOKMARK [2][-]{subsection.2.2.3}{Programmstruktur}{section.2.2}% 9
\BOOKMARK [2][-]{subsection.2.2.4}{Simulation}{section.2.2}% 10
\BOOKMARK [2][-]{subsection.2.2.5}{Dateistrukturen}{section.2.2}% 11
\BOOKMARK [1][-]{section.2.3}{Technologien}{chapter.2}% 12
\BOOKMARK [2][-]{subsection.2.3.1}{Github}{section.2.3}% 13
\BOOKMARK [2][-]{subsection.2.3.2}{Slack}{section.2.3}% 14
\BOOKMARK [2][-]{subsection.2.3.3}{LaTeX}{section.2.3}% 15
\BOOKMARK [2][-]{subsection.2.3.4}{Hilfsprogramm}{section.2.3}% 16
\BOOKMARK [1][-]{section.2.4}{Elektrotechnik}{chapter.2}% 17
\BOOKMARK [2][-]{subsection.2.4.1}{Grundlagen}{section.2.4}% 18
\BOOKMARK [2][-]{subsection.2.4.2}{Schaltungen}{section.2.4}% 19
\BOOKMARK [2][-]{subsection.2.4.3}{Messprotokolle}{section.2.4}% 20
\BOOKMARK [0][-]{chapter.3}{Realisierung}{}% 21
\BOOKMARK [1][-]{section.3.1}{Probleme}{chapter.3}% 22
\BOOKMARK [2][-]{subsection.3.1.1}{Gel\366ste Probleme}{section.3.1}% 23
\BOOKMARK [2][-]{subsection.3.1.2}{Ungel\366ste Probleme}{section.3.1}% 24
\BOOKMARK [1][-]{section.3.2}{Teamdynamik}{chapter.3}% 25
\BOOKMARK [0][-]{chapter.4}{Anhang}{}% 26
\BOOKMARK [1][-]{section.4.1}{Quellen}{chapter.4}% 27
\BOOKMARK [2][-]{subsection.4.1.1}{Elektrotechnik}{section.4.1}% 28
\BOOKMARK [2][-]{subsection.4.1.2}{RaspberryPi}{section.4.1}% 29
\BOOKMARK [2][-]{subsection.4.1.3}{GrovePi}{section.4.1}% 30
