\BOOKMARK [0][-]{chapter.1}{Einleitung}{}% 1
\BOOKMARK [1][-]{section.1.1}{Motivation}{chapter.1}% 2
\BOOKMARK [1][-]{section.1.2}{Zielsetzung}{chapter.1}% 3
\BOOKMARK [0][-]{chapter.2}{Theorie}{}% 4
\BOOKMARK [1][-]{section.2.1}{Ausblick}{chapter.2}% 5
\BOOKMARK [1][-]{section.2.2}{Programmierung}{chapter.2}% 6
\BOOKMARK [2][-]{subsection.2.2.1}{Einleitung}{section.2.2}% 7
\BOOKMARK [2][-]{subsection.2.2.2}{Python}{section.2.2}% 8
\BOOKMARK [2][-]{subsection.2.2.3}{Programmstruktur}{section.2.2}% 9
\BOOKMARK [1][-]{section.2.3}{Technologien}{chapter.2}% 10
\BOOKMARK [2][-]{subsection.2.3.1}{Github}{section.2.3}% 11
\BOOKMARK [2][-]{subsection.2.3.2}{Slack}{section.2.3}% 12
\BOOKMARK [2][-]{subsection.2.3.3}{LaTeX}{section.2.3}% 13
\BOOKMARK [2][-]{subsection.2.3.4}{Hilfsprogramme?}{section.2.3}% 14
\BOOKMARK [1][-]{section.2.4}{Elektrotechnik}{chapter.2}% 15
\BOOKMARK [0][-]{chapter.3}{Praxis}{}% 16
\BOOKMARK [1][-]{section.3.1}{Probleme und Problemlösungen}{chapter.3}% 17
\BOOKMARK [1][-]{section.3.2}{Menschliche Zusammenarbeit}{chapter.3}% 18
\BOOKMARK [0][-]{chapter.4}{Anhang}{}% 19
\BOOKMARK [1][-]{section.4.1}{Quellen}{chapter.4}% 20
\BOOKMARK [2][-]{subsection.4.1.1}{Elektrotechnik}{section.4.1}% 21
\BOOKMARK [2][-]{subsection.4.1.2}{RaspberryPi}{section.4.1}% 22
\BOOKMARK [2][-]{subsection.4.1.3}{GrovePi}{section.4.1}% 23
